
â•”â•â•â•â•â•â•â•â•â•â•â•â•â•â•â•â•â•â•â•â•â•â•â•â•â•â•â•â•â•â•â•â•â•â•â•â•â•â•â•â•â•â•â•â•â•â•â•â•â•â•â•â•â•â•â•â•â•â•â•â•â•â•â•â•â•—
â•‘  Zero-Day Detection & Mitigation Framework - Quick Deploy      â•‘
â•šâ•â•â•â•â•â•â•â•â•â•â•â•â•â•â•â•â•â•â•â•â•â•â•â•â•â•â•â•â•â•â•â•â•â•â•â•â•â•â•â•â•â•â•â•â•â•â•â•â•â•â•â•â•â•â•â•â•â•â•â•â•â•â•â•â•

ðŸ“Š System: 3653MB available â†’ Minikube: 3072MB, 2 CPUs

â•â•â•â•â•â•â•â•â•â•â•â•â•â•â•â•â•â•â•â•â•â•â•â•â•â•â•â•â•â•â•â•â•â•â•â•â•â•â•â•â•â•â•â•â•â•â•â•â•â•â•â•â•â•â•â•â•â•â•â•â•â•â•â•
STEP 1: Start Minikube Cluster
â•â•â•â•â•â•â•â•â•â•â•â•â•â•â•â•â•â•â•â•â•â•â•â•â•â•â•â•â•â•â•â•â•â•â•â•â•â•â•â•â•â•â•â•â•â•â•â•â•â•â•â•â•â•â•â•â•â•â•â•â•â•â•â•

ðŸš€ Starting Minikube... (this may take 3-5 minutes)

* minikube v1.37.0 on Ubuntu 24.04 (kvm/amd64)
* Using the docker driver based on user configuration
* Using Docker driver with root privileges
! For an improved experience it's recommended to use Docker Engine instead of Docker Desktop.
Docker Engine installation instructions: https://docs.docker.com/engine/install/#server
* Starting "minikube" primary control-plane node in "minikube" cluster
* Pulling base image v0.0.48 ...
* Downloading Kubernetes v1.28.0 preload ...
* Configuring bridge CNI (Container Networking Interface) ...
* Verifying Kubernetes components...
  - Using image gcr.io/k8s-minikube/storage-provisioner:v5
* Enabled addons: storage-provisioner, default-storageclass

! /usr/local/bin/kubectl is version 1.34.1, which may have incompatibilities with Kubernetes 1.28.0.
  - Want kubectl v1.28.0? Try 'minikube kubectl -- get pods -A'
* Done! kubectl is now configured to use "minikube" cluster and "default" namespace by default

Verifying cluster...
Kubernetes control plane is running at https://127.0.0.1:62093
CoreDNS is running at https://127.0.0.1:62093/api/v1/namespaces/kube-system/services/kube-dns:dns/proxy

To further debug and diagnose cluster problems, use 'kubectl cluster-info dump'.
NAME       STATUS   ROLES           AGE   VERSION
minikube   Ready    control-plane   20s   v1.28.0
âœ… Cluster ready

â•â•â•â•â•â•â•â•â•â•â•â•â•â•â•â•â•â•â•â•â•â•â•â•â•â•â•â•â•â•â•â•â•â•â•â•â•â•â•â•â•â•â•â•â•â•â•â•â•â•â•â•â•â•â•â•â•â•â•â•â•â•â•â•
STEP 2: Apply Kubernetes Manifests
â•â•â•â•â•â•â•â•â•â•â•â•â•â•â•â•â•â•â•â•â•â•â•â•â•â•â•â•â•â•â•â•â•â•â•â•â•â•â•â•â•â•â•â•â•â•â•â•â•â•â•â•â•â•â•â•â•â•â•â•â•â•â•â•

ðŸ“¦ Creating namespaces...
namespace/prod created
namespace/dev created
namespace/monitoring created
namespace/quarantine created
namespace/ml created
ðŸ” Applying RBAC...
serviceaccount/telemetry-collector created
role.rbac.authorization.k8s.io/telemetry-reader created
rolebinding.rbac.authorization.k8s.io/telemetry-reader-binding created
serviceaccount/containment-operator created
clusterrole.rbac.authorization.k8s.io/containment-operator-role created
clusterrolebinding.rbac.authorization.k8s.io/containment-operator-binding created
ðŸš« Applying Network Policies...
networkpolicy.networking.k8s.io/default-deny-all created
networkpolicy.networking.k8s.io/allow-from-ingress created
networkpolicy.networking.k8s.io/restrict-egress created
ðŸ“‹ Applying Containment CRD...
customresourcedefinition.apiextensions.k8s.io/containments.security.example.com created
âœ… Manifests applied

â•â•â•â•â•â•â•â•â•â•â•â•â•â•â•â•â•â•â•â•â•â•â•â•â•â•â•â•â•â•â•â•â•â•â•â•â•â•â•â•â•â•â•â•â•â•â•â•â•â•â•â•â•â•â•â•â•â•â•â•â•â•â•â•
STEP 3: Deploy Core Telemetry (Simplified)
â•â•â•â•â•â•â•â•â•â•â•â•â•â•â•â•â•â•â•â•â•â•â•â•â•â•â•â•â•â•â•â•â•â•â•â•â•â•â•â•â•â•â•â•â•â•â•â•â•â•â•â•â•â•â•â•â•â•â•â•â•â•â•â•

ðŸ“ Deploying OpenTelemetry Collector...
configmap/otel-collector-config created
deployment.apps/otel-collector created
ðŸ“ Deploying Fluent Bit...
configmap/fluent-bit-config created
daemonset.apps/fluent-bit created
âœ… Core telemetry deployed

â•â•â•â•â•â•â•â•â•â•â•â•â•â•â•â•â•â•â•â•â•â•â•â•â•â•â•â•â•â•â•â•â•â•â•â•â•â•â•â•â•â•â•â•â•â•â•â•â•â•â•â•â•â•â•â•â•â•â•â•â•â•â•â•
STEP 4: Build Container Images
â•â•â•â•â•â•â•â•â•â•â•â•â•â•â•â•â•â•â•â•â•â•â•â•â•â•â•â•â•â•â•â•â•â•â•â•â•â•â•â•â•â•â•â•â•â•â•â•â•â•â•â•â•â•â•â•â•â•â•â•â•â•â•â•

ðŸ³ Building services...
sha256:9aa161daa7d29dfb0bf5e77d8aa65ab96c87a9f8dacd0524e668c2a066256324
Dockerfile:4
--------------------
   2 |     WORKDIR /app
   3 |     COPY requirements.txt ./
   4 | >>> RUN pip install --no-cache-dir -r requirements.txt
   5 |     COPY src/ ./src/
   6 |     ENV PYTHONPATH=/app/src
--------------------
ERROR: failed to build: failed to solve: process "/bin/sh -c pip install --no-cache-dir -r requirements.txt" did not complete successfully: exit code: 1
